#
# A fatal error has been detected by the Java Runtime Environment:
#
#  EXCEPTION_ACCESS_VIOLATION (0xc0000005) at pc=0x000000001c9d9a11, pid=4592, tid=0x0000000000001b00
#
# JRE version: Java(TM) SE Runtime Environment (8.0_101-b13) (build 1.8.0_101-b13)
# Java VM: Java HotSpot(TM) 64-Bit Server VM (25.101-b13 mixed mode windows-amd64 compressed oops)
# Problematic frame:
# C  [atio6axx.dll+0x3b9a11]
#
# Failed to write core dump. Minidumps are not enabled by default on client versions of Windows
#
# If you would like to submit a bug report, please visit:
#   http://bugreport.java.com/bugreport/crash.jsp
# The crash happened outside the Java Virtual Machine in native code.
# See problematic frame for where to report the bug.
#

---------------  T H R E A D  ---------------

Current thread (0x0000000018be8800):  JavaThread "AWT-EventQueue-0" [_thread_in_native, id=6912, stack(0x0000000020440000,0x0000000020540000)]

siginfo: ExceptionCode=0xc0000005, reading address 0x0000000000000000

Registers:
RAX=0x000000000000000c, RBX=0x0000000022d9d000, RCX=0x0000000022d9d000, RDX=0x0000000022d9d048
RSP=0x000000002053ba70, RBP=0x000000000000000c, RSI=0x000000001edd9688, RDI=0x0000000000000001
R8 =0x0000000022d9d041, R9 =0x0000000000000000, R10=0x000000001edb7838, R11=0x0000000000000006
R12=0x0000000000000048, R13=0x0000000000000001, R14=0x000000001edb7618, R15=0x000000001edb6fc0
RIP=0x000000001c9d9a11, EFLAGS=0x0000000000010293

Top of Stack: (sp=0x000000002053ba70)
0x000000002053ba70:   000000001f0f3190 2e7865740001d000
0x000000002053ba80:   0000000000000001 000000001d1dac72
0x000000002053ba90:   000000001b1df8e0 0000000000000000
0x000000002053baa0:   0000000000000001 0000000000000002
0x000000002053bab0:   0000000000000000 000000001b1f5160
0x000000002053bac0:   000000002053bbb0 0000000000000000
0x000000002053bad0:   000000001b1df8e0 000000002053bbb0
0x000000002053bae0:   000000001eb9b7a0 000000001f3a9150
0x000000002053baf0:   000000001b1f5160 000000001e7d4be0
0x000000002053bb00:   000000000003fc00 000000001d1db73c
0x000000002053bb10:   0000000000000000 000000001b1f5160
0x000000002053bb20:   000000002053bc10 0000000000000000
0x000000002053bb30:   000000000003fc00 000000002053bc10
0x000000002053bb40:   0000000000000000 000000003f4ccccd
0x000000002053bb50:   0000000000000000 0000000000000000
0x000000002053bb60:   ffffffffffffffff 0000000000000000 

Instructions: (pc=0x000000001c9d9a11)
0x000000001c9d99f1:   10 45 8b c4 49 8b d1 e8 83 5a ee ff e9 5e 01 00
0x000000001c9d9a01:   00 41 8b d4 48 03 d3 4c 8d 42 f9 49 3b d8 73 14
0x000000001c9d9a11:   49 8b 01 48 83 c1 08 49 83 c1 08 48 89 41 f8 49
0x000000001c9d9a21:   3b c8 72 ec 4c 8d 42 fd 49 3b c8 73 15 66 90 41 


Register to memory mapping:

RAX=0x000000000000000c is an unknown value
RBX=0x0000000022d9d000 is an unknown value
RCX=0x0000000022d9d000 is an unknown value
RDX=0x0000000022d9d048 is an unknown value
RSP=0x000000002053ba70 is pointing into the stack for thread: 0x0000000018be8800
RBP=0x000000000000000c is an unknown value
RSI=0x000000001edd9688 is an unknown value
RDI=0x0000000000000001 is an unknown value
R8 =0x0000000022d9d041 is an unknown value
R9 =0x0000000000000000 is an unknown value
R10=0x000000001edb7838 is an unknown value
R11=0x0000000000000006 is an unknown value
R12=0x0000000000000048 is an unknown value
R13=0x0000000000000001 is an unknown value
R14=0x000000001edb7618 is an unknown value
R15=0x000000001edb6fc0 is an unknown value


Stack: [0x0000000020440000,0x0000000020540000],  sp=0x000000002053ba70,  free space=1006k
Native frames: (J=compiled Java code, j=interpreted, Vv=VM code, C=native code)
C  [atio6axx.dll+0x3b9a11]
C  [atio6axx.dll+0x3b70fb]
C  [atio6axx.dll+0x336ad5]
C  [atio6axx.dll+0x5c1a82]
C  0x0000000002c159b4

Java frames: (J=compiled Java code, j=interpreted, Vv=VM code)
j  jogamp.opengl.gl4.GL4bcImpl.dispatch_glDrawArrays1(IIIJ)V+0
j  jogamp.opengl.gl4.GL4bcImpl.glDrawArrays(III)V+45
j  ass2.spec.MyObject.draw(Lcom/jogamp/opengl/GL2;)V+42
j  ass2.spec.Game.setCamera(Lcom/jogamp/opengl/GL2;DD)V+101
j  ass2.spec.Game.display(Lcom/jogamp/opengl/GLAutoDrawable;)V+130
j  jogamp.opengl.GLDrawableHelper.displayImpl(Lcom/jogamp/opengl/GLAutoDrawable;)V+62
j  jogamp.opengl.GLDrawableHelper.display(Lcom/jogamp/opengl/GLAutoDrawable;)V+2
j  com.jogamp.opengl.awt.GLJPanel$Updater.display(Lcom/jogamp/opengl/GLAutoDrawable;)V+200
j  com.jogamp.opengl.awt.GLJPanel$10.run()V+11
j  jogamp.opengl.GLDrawableHelper.invokeGLImpl(Lcom/jogamp/opengl/GLDrawable;Lcom/jogamp/opengl/GLContext;Ljava/lang/Runnable;Ljava/lang/Runnable;)V+203
j  jogamp.opengl.GLDrawableHelper.invokeGL(Lcom/jogamp/opengl/GLDrawable;Lcom/jogamp/opengl/GLContext;Ljava/lang/Runnable;Ljava/lang/Runnable;)V+72
j  com.jogamp.opengl.awt.GLJPanel$OffscreenBackend.doPaintComponent(Ljava/awt/Graphics;)V+29
j  com.jogamp.opengl.awt.GLJPanel.paintComponent(Ljava/awt/Graphics;)V+224
j  javax.swing.JComponent.paint(Ljava/awt/Graphics;)V+286
j  javax.swing.JComponent.paintToOffscreen(Ljava/awt/Graphics;IIIIII)V+41
j  javax.swing.RepaintManager$PaintManager.paintDoubleBuffered(Ljavax/swing/JComponent;Ljava/awt/Image;Ljava/awt/Graphics;IIII)V+163
j  javax.swing.RepaintManager$PaintManager.paint(Ljavax/swing/JComponent;Ljavax/swing/JComponent;Ljava/awt/Graphics;IIII)Z+116
j  javax.swing.RepaintManager.paint(Ljavax/swing/JComponent;Ljavax/swing/JComponent;Ljava/awt/Graphics;IIII)V+51
j  javax.swing.JComponent._paintImmediately(IIII)V+683
j  javax.swing.JComponent.paintImmediately(IIII)V+138
j  javax.swing.RepaintManager$4.run()Ljava/lang/Void;+81
j  javax.swing.RepaintManager$4.run()Ljava/lang/Object;+1
v  ~StubRoutines::call_stub
j  java.security.AccessController.doPrivileged(Ljava/security/PrivilegedAction;Ljava/security/AccessControlContext;)Ljava/lang/Object;+0
j  java.security.ProtectionDomain$JavaSecurityAccessImpl.doIntersectionPrivilege(Ljava/security/PrivilegedAction;Ljava/security/AccessControlContext;Ljava/security/AccessControlContext;)Ljava/lang/Object;+18
j  javax.swing.RepaintManager.paintDirtyRegions(Ljava/util/Map;)V+154
j  javax.swing.RepaintManager.paintDirtyRegions()V+46
j  com.jogamp.opengl.util.AWTAnimatorImpl$1.run()V+374
j  java.awt.event.InvocationEvent.dispatch()V+11
j  java.awt.EventQueue.dispatchEventImpl(Ljava/awt/AWTEvent;Ljava/lang/Object;)V+21
j  java.awt.EventQueue.access$500(Ljava/awt/EventQueue;Ljava/awt/AWTEvent;Ljava/lang/Object;)V+3
j  java.awt.EventQueue$3.run()Ljava/lang/Void;+32
j  java.awt.EventQueue$3.run()Ljava/lang/Object;+1
v  ~StubRoutines::call_stub
j  java.security.AccessController.doPrivileged(Ljava/security/PrivilegedAction;Ljava/security/AccessControlContext;)Ljava/lang/Object;+0
j  java.security.ProtectionDomain$JavaSecurityAccessImpl.doIntersectionPrivilege(Ljava/security/PrivilegedAction;Ljava/security/AccessControlContext;Ljava/security/AccessControlContext;)Ljava/lang/Object;+18
j  java.awt.EventQueue.dispatchEvent(Ljava/awt/AWTEvent;)V+46
j  java.awt.EventDispatchThread.pumpOneEventForFilters(I)V+245
j  java.awt.EventDispatchThread.pumpEventsForFilter(ILjava/awt/Conditional;Ljava/awt/EventFilter;)V+35
j  java.awt.EventDispatchThread.pumpEventsForHierarchy(ILjava/awt/Conditional;Ljava/awt/Component;)V+11
j  java.awt.EventDispatchThread.pumpEvents(ILjava/awt/Conditional;)V+4
j  java.awt.EventDispatchThread.pumpEvents(Ljava/awt/Conditional;)V+3
j  java.awt.EventDispatchThread.run()V+9
v  ~StubRoutines::call_stub

---------------  P R O C E S S  ---------------

Java Threads: ( => current thread )
  0x0000000018be6000 JavaThread "D3D Screen Updater" daemon [_thread_blocked, id=2624, stack(0x0000000020950000,0x0000000020a50000)]
  0x0000000002b00800 JavaThread "DestroyJavaVM" [_thread_blocked, id=11088, stack(0x00000000029a0000,0x0000000002aa0000)]
=>0x0000000018be8800 JavaThread "AWT-EventQueue-0" [_thread_in_native, id=6912, stack(0x0000000020440000,0x0000000020540000)]
  0x0000000018be8000 JavaThread "AWT-Shutdown" [_thread_blocked, id=7908, stack(0x00000000202a0000,0x00000000203a0000)]
  0x0000000018be7000 JavaThread "main-FPSAWTAnimator#00-Timer0" [_thread_blocked, id=10332, stack(0x000000001f170000,0x000000001f270000)]
  0x00000000188a5000 JavaThread "main-SharedResourceRunner" daemon [_thread_blocked, id=7472, stack(0x000000001c320000,0x000000001c420000)]
  0x0000000018139800 JavaThread "AWT-Windows" daemon [_thread_in_native, id=8864, stack(0x0000000019060000,0x0000000019160000)]
  0x0000000018136000 JavaThread "Java2D Disposer" daemon [_thread_blocked, id=10792, stack(0x0000000018e60000,0x0000000018f60000)]
  0x0000000017df1000 JavaThread "Service Thread" daemon [_thread_blocked, id=6068, stack(0x00000000182d0000,0x00000000183d0000)]
  0x00000000165c7800 JavaThread "C1 CompilerThread2" daemon [_thread_blocked, id=7680, stack(0x00000000181d0000,0x00000000182d0000)]
  0x00000000165c4800 JavaThread "C2 CompilerThread1" daemon [_thread_blocked, id=11024, stack(0x0000000017cd0000,0x0000000017dd0000)]
  0x0000000016570800 JavaThread "C2 CompilerThread0" daemon [_thread_blocked, id=6704, stack(0x0000000017bd0000,0x0000000017cd0000)]
  0x000000001656c800 JavaThread "Attach Listener" daemon [_thread_blocked, id=1208, stack(0x0000000017ad0000,0x0000000017bd0000)]
  0x000000001656b800 JavaThread "Signal Dispatcher" daemon [_thread_blocked, id=7572, stack(0x00000000179d0000,0x0000000017ad0000)]
  0x000000001655a800 JavaThread "Finalizer" daemon [_thread_blocked, id=10384, stack(0x00000000177e0000,0x00000000178e0000)]
  0x0000000002bf1800 JavaThread "Reference Handler" daemon [_thread_blocked, id=7256, stack(0x00000000176e0000,0x00000000177e0000)]

Other Threads:
  0x0000000016536800 VMThread [stack: 0x00000000175e0000,0x00000000176e0000] [id=10948]
  0x0000000017df6000 WatcherThread [stack: 0x00000000183d0000,0x00000000184d0000] [id=6540]

VM state:not at safepoint (normal execution)

VM Mutex/Monitor currently owned by a thread: None

Heap:
 PSYoungGen      total 53248K, used 16771K [0x00000000e0000000, 0x00000000e3800000, 0x0000000100000000)
  eden space 49152K, 25% used [0x00000000e0000000,0x00000000e0c68698,0x00000000e3000000)
  from space 4096K, 99% used [0x00000000e3400000,0x00000000e37f87e0,0x00000000e3800000)
  to   space 4096K, 0% used [0x00000000e3000000,0x00000000e3000000,0x00000000e3400000)
 ParOldGen       total 65536K, used 1199K [0x00000000a0000000, 0x00000000a4000000, 0x00000000e0000000)
  object space 65536K, 1% used [0x00000000a0000000,0x00000000a012be10,0x00000000a4000000)
 Metaspace       used 16048K, capacity 16214K, committed 16384K, reserved 1064960K
  class space    used 1671K, capacity 1732K, committed 1792K, reserved 1048576K

Card table byte_map: [0x0000000011fc0000,0x00000000122d0000] byte_map_base: 0x0000000011ac0000

Marking Bits: (ParMarkBitMap*) 0x00000000643fa6d0
 Begin Bits: [0x00000000128d0000, 0x00000000140d0000)
 End Bits:   [0x00000000140d0000, 0x00000000158d0000)

Polling page: 0x00000000009f0000

CodeCache: size=245760Kb used=3214Kb max_used=3215Kb free=242545Kb
 bounds [0x0000000002c00000, 0x0000000002f30000, 0x0000000011c00000]
 total_blobs=1695 nmethods=807 adapters=803
 compilation: enabled

Compilation events (10 events):
Event: 3.521 Thread 0x00000000165c4800 nmethod 802 0x0000000002f24dd0 code [0x0000000002f24f00, 0x0000000002f24f78]
Event: 3.521 Thread 0x0000000016570800 nmethod 803 0x0000000002f23e10 code [0x0000000002f23f60, 0x0000000002f24028]
Event: 3.601 Thread 0x00000000165c7800  804       3       sun.util.locale.LocaleUtils::isUpper (18 bytes)
Event: 3.602 Thread 0x00000000165c7800 nmethod 804 0x0000000002f23650 code [0x0000000002f237a0, 0x0000000002f23970]
Event: 3.613 Thread 0x00000000165c7800  805  s    3       java.io.BufferedInputStream::read (49 bytes)
Event: 3.613 Thread 0x00000000165c7800 nmethod 805 0x0000000002f25c90 code [0x0000000002f25e20, 0x0000000002f26378]
Event: 3.613 Thread 0x00000000165c7800  806       3       java.io.DataInputStream::readInt (72 bytes)
Event: 3.614 Thread 0x00000000165c7800 nmethod 806 0x0000000002f25350 code [0x0000000002f25500, 0x0000000002f25a68]
Event: 3.618 Thread 0x00000000165c7800  807       3       java.nio.CharBuffer::arrayOffset (35 bytes)
Event: 3.619 Thread 0x00000000165c7800 nmethod 807 0x0000000002f21310 code [0x0000000002f214a0, 0x0000000002f217b8]

GC Heap History (4 events):
Event: 2.578 GC heap before
{Heap before GC invocations=1 (full 0):
 PSYoungGen      total 28672K, used 24576K [0x00000000e0000000, 0x00000000e2000000, 0x0000000100000000)
  eden space 24576K, 100% used [0x00000000e0000000,0x00000000e1800000,0x00000000e1800000)
  from space 4096K, 0% used [0x00000000e1c00000,0x00000000e1c00000,0x00000000e2000000)
  to   space 4096K, 0% used [0x00000000e1800000,0x00000000e1800000,0x00000000e1c00000)
 ParOldGen       total 65536K, used 0K [0x00000000a0000000, 0x00000000a4000000, 0x00000000e0000000)
  object space 65536K, 0% used [0x00000000a0000000,0x00000000a0000000,0x00000000a4000000)
 Metaspace       used 13021K, capacity 13252K, committed 13568K, reserved 1060864K
  class space    used 1305K, capacity 1409K, committed 1536K, reserved 1048576K
Event: 2.605 GC heap after
Heap after GC invocations=1 (full 0):
 PSYoungGen      total 28672K, used 4078K [0x00000000e0000000, 0x00000000e3800000, 0x0000000100000000)
  eden space 24576K, 0% used [0x00000000e0000000,0x00000000e0000000,0x00000000e1800000)
  from space 4096K, 99% used [0x00000000e1800000,0x00000000e1bfb898,0x00000000e1c00000)
  to   space 4096K, 0% used [0x00000000e3400000,0x00000000e3400000,0x00000000e3800000)
 ParOldGen       total 65536K, used 832K [0x00000000a0000000, 0x00000000a4000000, 0x00000000e0000000)
  object space 65536K, 1% used [0x00000000a0000000,0x00000000a00d03e0,0x00000000a4000000)
 Metaspace       used 13021K, capacity 13252K, committed 13568K, reserved 1060864K
  class space    used 1305K, capacity 1409K, committed 1536K, reserved 1048576K
}
Event: 3.423 GC heap before
{Heap before GC invocations=2 (full 0):
 PSYoungGen      total 28672K, used 28316K [0x00000000e0000000, 0x00000000e3800000, 0x0000000100000000)
  eden space 24576K, 98% used [0x00000000e0000000,0x00000000e17ab990,0x00000000e1800000)
  from space 4096K, 99% used [0x00000000e1800000,0x00000000e1bfb898,0x00000000e1c00000)
  to   space 4096K, 0% used [0x00000000e3400000,0x00000000e3400000,0x00000000e3800000)
 ParOldGen       total 65536K, used 832K [0x00000000a0000000, 0x00000000a4000000, 0x00000000e0000000)
  object space 65536K, 1% used [0x00000000a0000000,0x00000000a00d03e0,0x00000000a4000000)
 Metaspace       used 15714K, capacity 15926K, committed 16128K, reserved 1062912K
  class space    used 1634K, capacity 1700K, committed 1792K, reserved 1048576K
Event: 3.438 GC heap after
Heap after GC invocations=2 (full 0):
 PSYoungGen      total 53248K, used 4065K [0x00000000e0000000, 0x00000000e3800000, 0x0000000100000000)
  eden space 49152K, 0% used [0x00000000e0000000,0x00000000e0000000,0x00000000e3000000)
  from space 4096K, 99% used [0x00000000e3400000,0x00000000e37f87e0,0x00000000e3800000)
  to   space 4096K, 0% used [0x00000000e3000000,0x00000000e3000000,0x00000000e3400000)
 ParOldGen       total 65536K, used 1199K [0x00000000a0000000, 0x00000000a4000000, 0x00000000e0000000)
  object space 65536K, 1% used [0x00000000a0000000,0x00000000a012be10,0x00000000a4000000)
 Metaspace       used 15714K, capacity 15926K, committed 16128K, reserved 1062912K
  class space    used 1634K, capacity 1700K, committed 1792K, reserved 1048576K
}

Deoptimization events (3 events):
Event: 0.788 Thread 0x0000000002b00800 Uncommon trap: reason=unstable_if action=reinterpret pc=0x0000000002db6a7c method=java.lang.String.indexOf([CII[CIII)I @ 3
Event: 2.920 Thread 0x0000000002b00800 Uncommon trap: reason=unstable_if action=reinterpret pc=0x0000000002eac9d4 method=java.util.HashMap.containsKey(Ljava/lang/Object;)Z @ 9
Event: 2.946 Thread 0x0000000002b00800 Uncommon trap: reason=unstable_if action=reinterpret pc=0x0000000002eb7334 method=java.lang.reflect.AccessibleObject.setAccessible0(Ljava/lang/reflect/AccessibleObject;Z)V @ 4

Internal exceptions (10 events):
Event: 0.103 Thread 0x0000000002b00800 Exception <a 'java/lang/NoSuchMethodError': Method sun.misc.Unsafe.defineClass(Ljava/lang/String;[BII)Ljava/lang/Class; name or signature does not match> (0x00000000e0007cc0) thrown at [C:\re\workspace\8-2-build-windows-amd64-cygwin\jdk8u101\7261\hotspot\s0ÕIÄÍdº?
Event: 0.103 Thread 0x0000000002b00800 Exception <a 'java/lang/NoSuchMethodError': Method sun.misc.Unsafe.prefetchRead(Ljava/lang/Object;J)V name or signature does not match> (0x00000000e0007fa8) thrown at [C:\re\workspace\8-2-build-windows-amd64-cygwin\jdk8u101\7261\hotspot\src\share\vm\prims\r`ÆYÞÃÔ?
Event: 0.324 Thread 0x0000000002b00800 Exception <a 'java/security/PrivilegedActionException'> (0x00000000e0149848) thrown at [C:\re\workspace\8-2-build-windows-amd64-cygwin\jdk8u101\7261\hotspot\src\share\vm\prims\jvm.cpp, line 1386]
Event: 0.325 Thread 0x0000000002b00800 Exception <a 'java/security/PrivilegedActionException'> (0x00000000e0149a58) thrown at [C:\re\workspace\8-2-build-windows-amd64-cygwin\jdk8u101\7261\hotspot\src\share\vm\prims\jvm.cpp, line 1386]
Event: 0.327 Thread 0x0000000002b00800 Exception <a 'java/security/PrivilegedActionException'> (0x00000000e014d6a0) thrown at [C:\re\workspace\8-2-build-windows-amd64-cygwin\jdk8u101\7261\hotspot\src\share\vm\prims\jvm.cpp, line 1386]
Event: 0.327 Thread 0x0000000002b00800 Exception <a 'java/security/PrivilegedActionException'> (0x00000000e014d8b0) thrown at [C:\re\workspace\8-2-build-windows-amd64-cygwin\jdk8u101\7261\hotspot\src\share\vm\prims\jvm.cpp, line 1386]
Event: 0.337 Thread 0x0000000002b00800 Exception <a 'java/io/FileNotFoundException'> (0x00000000e014fc28) thrown at [C:\re\workspace\8-2-build-windows-amd64-cygwin\jdk8u101\7261\hotspot\src\share\vm\prims\jni.cpp, line 709]
Event: 0.405 Thread 0x0000000002b00800 Exception <a 'java/lang/NoSuchFieldError': method resolution failed> (0x00000000e021d108) thrown at [C:\re\workspace\8-2-build-windows-amd64-cygwin\jdk8u101\7261\hotspot\src\share\vm\prims\methodHandles.cpp, line 1146]
Event: 0.410 Thread 0x0000000002b00800 Exception <a 'java/lang/NoSuchFieldError': method resolution failed> (0x00000000e022a4d8) thrown at [C:\re\workspace\8-2-build-windows-amd64-cygwin\jdk8u101\7261\hotspot\src\share\vm\prims\methodHandles.cpp, line 1146]
Event: 0.538 Thread 0x0000000002b00800 Exception <a 'java/io/FileNotFoundException'> (0x00000000e039ec70) thrown at [C:\re\workspace\8-2-build-windows-amd64-cygwin\jdk8u101\7261\hotspot\src\share\vm\prims\jni.cpp, line 709]

Events (10 events):
Event: 3.617 loading class java/text/Format$FieldDelegate done
Event: 3.617 loading class java/text/DontCareFieldPosition$1 done
Event: 3.618 loading class java/text/NumberFormat$Field
Event: 3.618 loading class java/text/Format$Field
Event: 3.618 loading class java/text/Format$Field done
Event: 3.618 loading class java/text/NumberFormat$Field done
Event: 3.618 loading class com/jogamp/opengl/math/VectorUtil
Event: 3.618 loading class com/jogamp/opengl/math/VectorUtil done
Event: 3.620 loading class ass2/spec/MyObject
Event: 3.620 loading class ass2/spec/MyObject done


Dynamic libraries:
0x00007ff6284f0000 - 0x00007ff628527000 	C:\Program Files\Java\jre1.8.0_101\bin\javaw.exe
0x00007ffe74ad0000 - 0x00007ffe74ca1000 	C:\WINDOWS\SYSTEM32\ntdll.dll
0x00007ffe746f0000 - 0x00007ffe7479b000 	C:\WINDOWS\System32\KERNEL32.DLL
0x00007ffe71590000 - 0x00007ffe717ad000 	C:\WINDOWS\System32\KERNELBASE.dll
0x00007ffe73a70000 - 0x00007ffe73b12000 	C:\WINDOWS\System32\ADVAPI32.dll
0x00007ffe73fc0000 - 0x00007ffe7405e000 	C:\WINDOWS\System32\msvcrt.dll
0x00007ffe73670000 - 0x00007ffe736c9000 	C:\WINDOWS\System32\sechost.dll
0x00007ffe74060000 - 0x00007ffe74181000 	C:\WINDOWS\System32\RPCRT4.dll
0x00007ffe73b20000 - 0x00007ffe73c85000 	C:\WINDOWS\System32\USER32.dll
0x00007ffe72020000 - 0x00007ffe7203e000 	C:\WINDOWS\System32\win32u.dll
0x00007ffe738b0000 - 0x00007ffe738e4000 	C:\WINDOWS\System32\GDI32.dll
0x00007ffe717b0000 - 0x00007ffe71932000 	C:\WINDOWS\System32\gdi32full.dll
0x00007ffe6cf10000 - 0x00007ffe6d189000 	C:\WINDOWS\WinSxS\amd64_microsoft.windows.common-controls_6595b64144ccf1df_6.0.14393.0_none_2d0f50fcbdb171b8\COMCTL32.dll
0x00007ffe73cf0000 - 0x00007ffe73fb7000 	C:\WINDOWS\System32\combase.dll
0x00007ffe71160000 - 0x00007ffe71255000 	C:\WINDOWS\System32\ucrtbase.dll
0x00007ffe710f0000 - 0x00007ffe7115a000 	C:\WINDOWS\System32\bcryptPrimitives.dll
0x00007ffe747a0000 - 0x00007ffe747ce000 	C:\WINDOWS\System32\IMM32.DLL
0x0000000065590000 - 0x0000000065662000 	C:\Program Files\Java\jre1.8.0_101\bin\msvcr100.dll
0x0000000063be0000 - 0x000000006447a000 	C:\Program Files\Java\jre1.8.0_101\bin\server\jvm.dll
0x00007ffe736d0000 - 0x00007ffe736d8000 	C:\WINDOWS\System32\PSAPI.DLL
0x00007ffe67e90000 - 0x00007ffe67e99000 	C:\WINDOWS\SYSTEM32\WSOCK32.dll
0x00007ffe74190000 - 0x00007ffe741fa000 	C:\WINDOWS\System32\WS2_32.dll
0x00007ffe6eef0000 - 0x00007ffe6ef13000 	C:\WINDOWS\SYSTEM32\WINMM.dll
0x00007ffe6b310000 - 0x00007ffe6b31a000 	C:\WINDOWS\SYSTEM32\VERSION.dll
0x0000000000e10000 - 0x0000000000e3b000 	C:\WINDOWS\SYSTEM32\WINMMBASE.dll
0x00007ffe710a0000 - 0x00007ffe710e2000 	C:\WINDOWS\System32\cfgmgr32.dll
0x0000000065cd0000 - 0x0000000065cdf000 	C:\Program Files\Java\jre1.8.0_101\bin\verify.dll
0x0000000065a10000 - 0x0000000065a39000 	C:\Program Files\Java\jre1.8.0_101\bin\java.dll
0x00000000659f0000 - 0x0000000065a06000 	C:\Program Files\Java\jre1.8.0_101\bin\zip.dll
0x00007ffe72160000 - 0x00007ffe73668000 	C:\WINDOWS\System32\SHELL32.dll
0x00007ffe71940000 - 0x00007ffe7201a000 	C:\WINDOWS\System32\windows.storage.dll
0x00007ffe70f30000 - 0x00007ffe70f7c000 	C:\WINDOWS\System32\powrprof.dll
0x00007ffe74200000 - 0x00007ffe74252000 	C:\WINDOWS\System32\shlwapi.dll
0x00007ffe70f10000 - 0x00007ffe70f1f000 	C:\WINDOWS\System32\kernel.appcore.dll
0x00007ffe71260000 - 0x00007ffe71309000 	C:\WINDOWS\System32\shcore.dll
0x00007ffe70f80000 - 0x00007ffe70f94000 	C:\WINDOWS\System32\profapi.dll
0x00000000653f0000 - 0x0000000065588000 	C:\Program Files\Java\jre1.8.0_101\bin\awt.dll
0x00007ffe73990000 - 0x00007ffe73a4f000 	C:\WINDOWS\System32\OLEAUT32.dll
0x00007ffe70fa0000 - 0x00007ffe7103c000 	C:\WINDOWS\System32\msvcp_win.dll
0x00007ffe6f4c0000 - 0x00007ffe6f53a000 	C:\WINDOWS\SYSTEM32\apphelp.dll
0x00007ffe6ed40000 - 0x00007ffe6ed66000 	C:\WINDOWS\system32\DWMAPI.DLL
0x00007ffe6f6a0000 - 0x00007ffe6f735000 	C:\WINDOWS\system32\uxtheme.dll
0x00007ffe73750000 - 0x00007ffe738ab000 	C:\WINDOWS\System32\MSCTF.dll
0x00007ffe74990000 - 0x00007ffe74ac7000 	C:\WINDOWS\System32\ole32.dll
0x00007ffe44e60000 - 0x00007ffe44fed000 	C:\WINDOWS\system32\d3d9.dll
0x00007ffe6b3f0000 - 0x00007ffe6b557000 	C:\WINDOWS\SYSTEM32\aticfx64.dll
0x00007ffe451d0000 - 0x00007ffe451f1000 	C:\WINDOWS\SYSTEM32\atiu9p64.dll
0x00007ffe41ef0000 - 0x00007ffe42749000 	C:\WINDOWS\SYSTEM32\atiumd64.dll
0x0000000064480000 - 0x0000000064d08000 	C:\WINDOWS\SYSTEM32\atiumd6a.dll
0x00007ffe70980000 - 0x00007ffe70997000 	C:\WINDOWS\SYSTEM32\CRYPTSP.dll
0x00007ffe70860000 - 0x00007ffe70893000 	C:\WINDOWS\system32\rsaenh.dll
0x00007ffe70e50000 - 0x00007ffe70e7b000 	C:\WINDOWS\SYSTEM32\bcrypt.dll
0x00007ffe70560000 - 0x00007ffe7057f000 	C:\WINDOWS\SYSTEM32\USERENV.dll
0x00007ffe709a0000 - 0x00007ffe709ab000 	C:\WINDOWS\SYSTEM32\CRYPTBASE.dll
0x00000000659d0000 - 0x00000000659ea000 	C:\Program Files\Java\jre1.8.0_101\bin\net.dll
0x00007ffe706e0000 - 0x00007ffe7073c000 	C:\WINDOWS\system32\mswsock.dll
0x00007ffe70470000 - 0x00007ffe704a8000 	C:\WINDOWS\SYSTEM32\IPHLPAPI.DLL
0x00007ffe747e0000 - 0x00007ffe747e8000 	C:\WINDOWS\System32\NSI.dll
0x00007ffe6d550000 - 0x00007ffe6d566000 	C:\WINDOWS\SYSTEM32\dhcpcsvc6.DLL
0x00007ffe6dcd0000 - 0x00007ffe6dcea000 	C:\WINDOWS\SYSTEM32\dhcpcsvc.DLL
0x00000000659b0000 - 0x00000000659c1000 	C:\Program Files\Java\jre1.8.0_101\bin\nio.dll
0x00000000637c0000 - 0x00000000637cd000 	C:\Users\Jimmy\AppData\Local\Temp\jogamp_0000\file_cache\jln948809692845199068\jln4097466490727224723\natives\windows-amd64\gluegen-rt.dll
0x00000000653e0000 - 0x00000000653e7000 	C:\Program Files\Java\jre1.8.0_101\bin\jawt.dll
0x000000006a440000 - 0x000000006a44d000 	C:\Users\Jimmy\AppData\Local\Temp\jogamp_0000\file_cache\jln948809692845199068\jln4097466490727224723\natives\windows-amd64\nativewindow_awt.dll
0x000000006c100000 - 0x000000006c10f000 	C:\Users\Jimmy\AppData\Local\Temp\jogamp_0000\file_cache\jln948809692845199068\jln4097466490727224723\natives\windows-amd64\nativewindow_win32.dll
0x00007ffe4e6c0000 - 0x00007ffe4e7e3000 	C:\WINDOWS\SYSTEM32\OpenGL32.dll
0x00007ffe61260000 - 0x00007ffe6128d000 	C:\WINDOWS\SYSTEM32\GLU32.dll
0x00007ffe4e5c0000 - 0x00007ffe4e6b7000 	C:\WINDOWS\SYSTEM32\DDRAW.dll
0x00007ffe6e9a0000 - 0x00007ffe6e9a8000 	C:\WINDOWS\SYSTEM32\DCIMAN32.dll
0x000000001c260000 - 0x000000001c311000 	C:\Users\Jimmy\AppData\Local\Temp\jogamp_0000\file_cache\jln948809692845199068\jln4097466490727224723\natives\windows-amd64\jogl_desktop.dll
0x0000000019290000 - 0x00000000192f2000 	C:\Users\Jimmy\AppData\Local\Temp\jogamp_0000\file_cache\jln948809692845199068\jln4097466490727224723\natives\windows-amd64\jogl_mobile.dll
0x00007ffe611a0000 - 0x00007ffe611b8000 	C:\WINDOWS\SYSTEM32\atig6pxx.dll
0x000000001c620000 - 0x000000001e420000 	C:\WINDOWS\SYSTEM32\atio6axx.dll
0x00007ffe742c0000 - 0x00007ffe746e9000 	C:\WINDOWS\System32\SETUPAPI.dll
0x00007ffe48740000 - 0x00007ffe48881000 	C:\WINDOWS\SYSTEM32\atiadlxx.dll
0x00007ffe6ebb0000 - 0x00007ffe6ed35000 	C:\WINDOWS\SYSTEM32\PROPSYS.dll
0x00007ffe6eb90000 - 0x00007ffe6eba3000 	C:\WINDOWS\SYSTEM32\WTSAPI32.dll
0x00007ffe6fae0000 - 0x00007ffe6fb08000 	C:\WINDOWS\SYSTEM32\DEVOBJ.dll
0x00007ffe71040000 - 0x00007ffe71095000 	C:\WINDOWS\System32\WINTRUST.dll
0x00007ffe70f20000 - 0x00007ffe70f30000 	C:\WINDOWS\System32\MSASN1.dll
0x00007ffe713c0000 - 0x00007ffe71588000 	C:\WINDOWS\System32\CRYPT32.dll
0x00007ffe57d00000 - 0x00007ffe57d2c000 	C:\WINDOWS\SYSTEM32\atig6txx.dll
0x0000000065390000 - 0x00000000653d7000 	C:\Program Files\Java\jre1.8.0_101\bin\fontmanager.dll
0x0000000065350000 - 0x0000000065381000 	C:\Program Files\Java\jre1.8.0_101\bin\jpeg.dll
0x00007ffe6dd20000 - 0x00007ffe6deb2000 	C:\WINDOWS\SYSTEM32\dbghelp.dll

VM Arguments:
jvm_args: -Dfile.encoding=Cp1252 
java_command: ass2.spec.Game sample/test1.json
java_class_path (initial): C:\Users\Jimmy\Documents\eclipse\workspace\cs3421-3d-world;C:\Users\Jimmy\Documents\eclipse\jogamp-all-platforms\jar\gluegen-rt.jar;C:\Users\Jimmy\Documents\eclipse\jogamp-all-platforms\jar\jogl-all.jar
Launcher Type: SUN_STANDARD

Environment Variables:
PATH=C:/Program Files/Java/jre1.8.0_101/bin/server;C:/Program Files/Java/jre1.8.0_101/bin;C:/Program Files/Java/jre1.8.0_101/lib/amd64;C:\Program Files (x86)\Razer Chroma SDK\bin;C:\Program Files\Razer Chroma SDK\bin;C:\Program Files (x86)\Common Files\Intel\Shared Libraries\redist\intel64\mpirt;C:\Program Files (x86)\Common Files\Intel\Shared Libraries\redist\intel64\compiler;C:\Program Files (x86)\Common Files\Intel\Shared Libraries\redist\ia32\mpirt;C:\Program Files (x86)\Common Files\Intel\Shared Libraries\redist\ia32\compiler;C:\ProgramData\Oracle\Java\javapath;C:\Program Files (x86)\AMD APP\bin\x86_64;C:\Program Files (x86)\AMD APP\bin\x86;C:\Windows\system32;C:\Windows;C:\Windows\System32\Wbem;C:\Windows\System32\WindowsPowerShell\v1.0\;C:\Program Files (x86)\ATI Technologies\ATI.ACE\Core-Static;C:\Program Files (x86)\AMD\ATI.ACE\Core-Static;C:\Program Files (x86)\Skype\Phone\;C:\WINDOWS\system32;C:\WINDOWS;C:\WINDOWS\System32\Wbem;C:\WINDOWS\System32\WindowsPowerShell\v1.0\;C:\Program Files\Git\cmd;C:\Users\Jimmy\AppData\Local\Microsoft\WindowsApps;;C:\Users\Jimmy\Documents\eclipse;
USERNAME=Jimmy
OS=Windows_NT
PROCESSOR_IDENTIFIER=Intel64 Family 6 Model 15 Stepping 11, GenuineIntel



---------------  S Y S T E M  ---------------

OS: Windows 10.0 , 64 bit Build 14393 (10.0.14393.0)

CPU:total 4 (4 cores per cpu, 1 threads per core) family 6 model 15 stepping 11, cmov, cx8, fxsr, mmx, sse, sse2, sse3, ssse3, tsc

Memory: 4k page, physical 6290484k(1801532k free), swap 12581940k(5233708k free)

vm_info: Java HotSpot(TM) 64-Bit Server VM (25.101-b13) for windows-amd64 JRE (1.8.0_101-b13), built on Jun 22 2016 01:21:29 by "java_re" with MS VC++ 10.0 (VS2010)

time: Thu Oct 20 02:20:58 2016
elapsed time: 3 seconds (0d 0h 0m 3s)

