#
# A fatal error has been detected by the Java Runtime Environment:
#
#  EXCEPTION_ACCESS_VIOLATION (0xc0000005) at pc=0x00007ffaa5994eac, pid=4484, tid=6552
#
# JRE version: Java(TM) SE Runtime Environment (8.0_74-b02) (build 1.8.0_74-b02)
# Java VM: Java HotSpot(TM) 64-Bit Server VM (25.74-b02 mixed mode windows-amd64 compressed oops)
# Problematic frame:
# C  [ig75icd64.dll+0xd4eac]
#
# Failed to write core dump. Minidumps are not enabled by default on client versions of Windows
#
# If you would like to submit a bug report, please visit:
#   http://bugreport.java.com/bugreport/crash.jsp
# The crash happened outside the Java Virtual Machine in native code.
# See problematic frame for where to report the bug.
#

---------------  T H R E A D  ---------------

Current thread (0x000000001870e800):  JavaThread "AWT-EventQueue-0" [_thread_in_native, id=6552, stack(0x00000000194d0000,0x00000000195d0000)]

siginfo: ExceptionCode=0xc0000005, reading address 0x0000000018e6d000

Registers:
RAX=0x0000000000000040, RBX=0x0000000000000000, RCX=0x0000000000000000, RDX=0x0000000018e6cf90
RSP=0x00000000195cc1d0, RBP=0x00000000008e12c0, RSI=0x000000002205b2d0, RDI=0x000000002083e000
R8 =0x0000000000006c00, R9 =0x00000000000000d8, R10=0x0000000000000040, R11=0x0000000000000246
R12=0x0000000000000000, R13=0x00000000220ec2d0, R14=0x00000000220aa210, R15=0x0000000000006c00
RIP=0x00007ffaa5994eac, EFLAGS=0x0000000000010207

Top of Stack: (sp=0x00000000195cc1d0)
0x00000000195cc1d0:   00000000ed4c8000 0000000000000000
0x00000000195cc1e0:   00000000ed482e18 0000000000000000
0x00000000195cc1f0:   000000002205b220 00007ffaa5995538
0x00000000195cc200:   0000000000000000 000000002205b2d0
0x00000000195cc210:   0000000000000000 0000000019401460
0x00000000195cc220:   00000000195cc2a0 0000000002774d59
0x00000000195cc230:   0000000000000000 0000000019401478
0x00000000195cc240:   0000000018e6b010 0000000000000000
0x00000000195cc250:   0000000019401780 00000000008e12c0
0x00000000195cc260:   0000000000006c00 00007ffaa5947e7d
0x00000000195cc270:   000000002205b220 0000000000000002
0x00000000195cc280:   0000000000000000 000000001e3258f0
0x00000000195cc290:   0000000018e6b010 00000000195cc2c0
0x00000000195cc2a0:   00000000195cc400 00000000195cc201
0x00000000195cc2b0:   00000000195cc320 000000006451dbaa
0x00000000195cc2c0:   00000000220aa210 fffffffffffffffe 

Instructions: (pc=0x00007ffaa5994eac)
0x00007ffaa5994e8c:   6a 20 41 ff c2 48 83 ef 80 41 8b c2 66 0f 6f 62
0x00007ffaa5994e9c:   30 66 0f 6f 5a 40 66 0f 6f 52 50 66 0f 6f 4a 60
0x00007ffaa5994eac:   66 0f 6f 42 70 66 0f e7 7f 80 48 83 ea 80 66 0f
0x00007ffaa5994ebc:   e7 77 90 66 0f e7 6f a0 66 0f e7 67 b0 66 0f e7 


Register to memory mapping:

RAX=0x0000000000000040 is an unknown value
RBX=0x0000000000000000 is an unknown value
RCX=0x0000000000000000 is an unknown value
RDX=0x0000000018e6cf90 is an unknown value
RSP=0x00000000195cc1d0 is pointing into the stack for thread: 0x000000001870e800
RBP=0x00000000008e12c0 is an unknown value
RSI=0x000000002205b2d0 is an unknown value
RDI=0x000000002083e000 is an unknown value
R8 =0x0000000000006c00 is an unknown value
R9 =0x00000000000000d8 is an unknown value
R10=0x0000000000000040 is an unknown value
R11=0x0000000000000246 is an unknown value
R12=0x0000000000000000 is an unknown value
R13=0x00000000220ec2d0 is an unknown value
R14=0x00000000220aa210 is an unknown value
R15=0x0000000000006c00 is an unknown value


Stack: [0x00000000194d0000,0x00000000195d0000],  sp=0x00000000195cc1d0,  free space=1008k
Native frames: (J=compiled Java code, j=interpreted, Vv=VM code, C=native code)
C  [ig75icd64.dll+0xd4eac]
C  [ig75icd64.dll+0xd5538]
C  [ig75icd64.dll+0x87e7d]
C  [ig75icd64.dll+0x8936e]
C  0x0000000002675e34

Java frames: (J=compiled Java code, j=interpreted, Vv=VM code)
j  jogamp.opengl.gl4.GL4bcImpl.dispatch_glBufferSubData1(IJJLjava/lang/Object;IZJ)V+0
j  jogamp.opengl.gl4.GL4bcImpl.glBufferSubData(IJJLjava/nio/Buffer;)V+88
j  ass2.spec.MyObject.<init>(Lcom/jogamp/opengl/GL2;)V+1600
j  ass2.spec.Game.setCamera(Lcom/jogamp/opengl/GL2;DD)V+94
j  ass2.spec.Game.display(Lcom/jogamp/opengl/GLAutoDrawable;)V+130
j  jogamp.opengl.GLDrawableHelper.displayImpl(Lcom/jogamp/opengl/GLAutoDrawable;)V+62
j  jogamp.opengl.GLDrawableHelper.display(Lcom/jogamp/opengl/GLAutoDrawable;)V+2
j  com.jogamp.opengl.awt.GLJPanel$Updater.display(Lcom/jogamp/opengl/GLAutoDrawable;)V+200
j  com.jogamp.opengl.awt.GLJPanel$10.run()V+11
j  jogamp.opengl.GLDrawableHelper.invokeGLImpl(Lcom/jogamp/opengl/GLDrawable;Lcom/jogamp/opengl/GLContext;Ljava/lang/Runnable;Ljava/lang/Runnable;)V+203
j  jogamp.opengl.GLDrawableHelper.invokeGL(Lcom/jogamp/opengl/GLDrawable;Lcom/jogamp/opengl/GLContext;Ljava/lang/Runnable;Ljava/lang/Runnable;)V+72
j  com.jogamp.opengl.awt.GLJPanel$OffscreenBackend.doPaintComponent(Ljava/awt/Graphics;)V+29
j  com.jogamp.opengl.awt.GLJPanel.paintComponent(Ljava/awt/Graphics;)V+224
j  javax.swing.JComponent.paint(Ljava/awt/Graphics;)V+286
j  javax.swing.JComponent.paintToOffscreen(Ljava/awt/Graphics;IIIIII)V+41
j  javax.swing.RepaintManager$PaintManager.paintDoubleBuffered(Ljavax/swing/JComponent;Ljava/awt/Image;Ljava/awt/Graphics;IIII)V+163
j  javax.swing.RepaintManager$PaintManager.paint(Ljavax/swing/JComponent;Ljavax/swing/JComponent;Ljava/awt/Graphics;IIII)Z+116
j  javax.swing.RepaintManager.paint(Ljavax/swing/JComponent;Ljavax/swing/JComponent;Ljava/awt/Graphics;IIII)V+51
j  javax.swing.JComponent._paintImmediately(IIII)V+683
j  javax.swing.JComponent.paintImmediately(IIII)V+138
j  javax.swing.RepaintManager$4.run()Ljava/lang/Void;+81
j  javax.swing.RepaintManager$4.run()Ljava/lang/Object;+1
v  ~StubRoutines::call_stub
j  java.security.AccessController.doPrivileged(Ljava/security/PrivilegedAction;Ljava/security/AccessControlContext;)Ljava/lang/Object;+0
j  java.security.ProtectionDomain$JavaSecurityAccessImpl.doIntersectionPrivilege(Ljava/security/PrivilegedAction;Ljava/security/AccessControlContext;Ljava/security/AccessControlContext;)Ljava/lang/Object;+18
j  javax.swing.RepaintManager.paintDirtyRegions(Ljava/util/Map;)V+154
j  javax.swing.RepaintManager.paintDirtyRegions()V+46
j  com.jogamp.opengl.util.AWTAnimatorImpl$1.run()V+374
j  java.awt.event.InvocationEvent.dispatch()V+11
j  java.awt.EventQueue.dispatchEventImpl(Ljava/awt/AWTEvent;Ljava/lang/Object;)V+21
j  java.awt.EventQueue.access$500(Ljava/awt/EventQueue;Ljava/awt/AWTEvent;Ljava/lang/Object;)V+3
j  java.awt.EventQueue$3.run()Ljava/lang/Void;+32
j  java.awt.EventQueue$3.run()Ljava/lang/Object;+1
v  ~StubRoutines::call_stub
j  java.security.AccessController.doPrivileged(Ljava/security/PrivilegedAction;Ljava/security/AccessControlContext;)Ljava/lang/Object;+0
j  java.security.ProtectionDomain$JavaSecurityAccessImpl.doIntersectionPrivilege(Ljava/security/PrivilegedAction;Ljava/security/AccessControlContext;Ljava/security/AccessControlContext;)Ljava/lang/Object;+18
j  java.awt.EventQueue.dispatchEvent(Ljava/awt/AWTEvent;)V+46
j  java.awt.EventDispatchThread.pumpOneEventForFilters(I)V+245
j  java.awt.EventDispatchThread.pumpEventsForFilter(ILjava/awt/Conditional;Ljava/awt/EventFilter;)V+35
j  java.awt.EventDispatchThread.pumpEventsForHierarchy(ILjava/awt/Conditional;Ljava/awt/Component;)V+11
j  java.awt.EventDispatchThread.pumpEvents(ILjava/awt/Conditional;)V+4
j  java.awt.EventDispatchThread.pumpEvents(Ljava/awt/Conditional;)V+3
j  java.awt.EventDispatchThread.run()V+9
v  ~StubRoutines::call_stub

---------------  P R O C E S S  ---------------

Java Threads: ( => current thread )
  0x0000000002562800 JavaThread "DestroyJavaVM" [_thread_blocked, id=3436, stack(0x0000000002460000,0x0000000002560000)]
  0x0000000018c7f800 JavaThread "main-FPSAWTAnimator#00-Timer0" [_thread_blocked, id=2432, stack(0x000000001ec20000,0x000000001ed20000)]
  0x0000000018949000 JavaThread "main-SharedResourceRunner" daemon [_thread_blocked, id=560, stack(0x00000000197d0000,0x00000000198d0000)]
=>0x000000001870e800 JavaThread "AWT-EventQueue-0" [_thread_in_native, id=6552, stack(0x00000000194d0000,0x00000000195d0000)]
  0x000000001688e000 JavaThread "AWT-Windows" daemon [_thread_in_native, id=1944, stack(0x0000000016fb0000,0x00000000170b0000)]
  0x000000001685d800 JavaThread "AWT-Shutdown" [_thread_blocked, id=7368, stack(0x0000000016eb0000,0x0000000016fb0000)]
  0x000000001685c800 JavaThread "Java2D Disposer" daemon [_thread_blocked, id=7184, stack(0x0000000016db0000,0x0000000016eb0000)]
  0x00000000164a5800 JavaThread "Service Thread" daemon [_thread_blocked, id=5400, stack(0x00000000169a0000,0x0000000016aa0000)]
  0x0000000014cbe800 JavaThread "C1 CompilerThread2" daemon [_thread_blocked, id=6224, stack(0x00000000168a0000,0x00000000169a0000)]
  0x0000000014cb9800 JavaThread "C2 CompilerThread1" daemon [_thread_blocked, id=4348, stack(0x00000000163a0000,0x00000000164a0000)]
  0x0000000014c5e000 JavaThread "C2 CompilerThread0" daemon [_thread_blocked, id=6260, stack(0x00000000162a0000,0x00000000163a0000)]
  0x0000000014c5c000 JavaThread "Attach Listener" daemon [_thread_blocked, id=2996, stack(0x00000000161a0000,0x00000000162a0000)]
  0x0000000014c5a800 JavaThread "Signal Dispatcher" daemon [_thread_blocked, id=4496, stack(0x00000000160a0000,0x00000000161a0000)]
  0x0000000014c49000 JavaThread "Finalizer" daemon [_thread_blocked, id=4292, stack(0x0000000015eb0000,0x0000000015fb0000)]
  0x0000000002651000 JavaThread "Reference Handler" daemon [_thread_blocked, id=5384, stack(0x0000000015db0000,0x0000000015eb0000)]

Other Threads:
  0x0000000014c27000 VMThread [stack: 0x0000000015cb0000,0x0000000015db0000] [id=4952]
  0x00000000164aa800 WatcherThread [stack: 0x0000000016aa0000,0x0000000016ba0000] [id=6020]

VM state:not at safepoint (normal execution)

VM Mutex/Monitor currently owned by a thread: None

Heap:
 PSYoungGen      total 35328K, used 20861K [0x00000000eb200000, 0x00000000ed700000, 0x0000000100000000)
  eden space 32768K, 55% used [0x00000000eb200000,0x00000000ec3e5d40,0x00000000ed200000)
  from space 2560K, 98% used [0x00000000ed480000,0x00000000ed6f96d0,0x00000000ed700000)
  to   space 2560K, 0% used [0x00000000ed200000,0x00000000ed200000,0x00000000ed480000)
 ParOldGen       total 44032K, used 7728K [0x00000000c1600000, 0x00000000c4100000, 0x00000000eb200000)
  object space 44032K, 17% used [0x00000000c1600000,0x00000000c1d8c0b0,0x00000000c4100000)
 Metaspace       used 16296K, capacity 16496K, committed 16640K, reserved 1064960K
  class space    used 1680K, capacity 1763K, committed 1792K, reserved 1048576K

Card table byte_map: [0x0000000011a20000,0x0000000011c20000] byte_map_base: 0x0000000011415000

Marking Bits: (ParMarkBitMap*) 0x0000000059fb0600
 Begin Bits: [0x0000000012170000, 0x0000000013118000)
 End Bits:   [0x0000000013118000, 0x00000000140c0000)

Polling page: 0x0000000000c10000

CodeCache: size=245760Kb used=3904Kb max_used=3904Kb free=241855Kb
 bounds [0x0000000002660000, 0x0000000002a40000, 0x0000000011660000]
 total_blobs=1965 nmethods=1079 adapters=799
 compilation: enabled

Compilation events (10 events):
Event: 3.257 Thread 0x0000000014c5e000 1075       4       ass2.spec.Road::b (98 bytes)
Event: 3.258 Thread 0x0000000014cbe800 1076       3       jogamp.opengl.GLBufferStateTracker::checkTargetName (157 bytes)
Event: 3.258 Thread 0x0000000014c5e000 nmethod 1075 0x0000000002a32fd0 code [0x0000000002a33140, 0x0000000002a331f8]
Event: 3.259 Thread 0x0000000014cbe800 nmethod 1076 0x0000000002a33290 code [0x0000000002a33500, 0x0000000002a344d8]
Event: 3.260 Thread 0x0000000014cbe800 1077       3       jogamp.common.util.locks.RecursiveLockImpl01Unfairish$SingleThreadSync::setOwner (6 bytes)
Event: 3.261 Thread 0x0000000014cbe800 nmethod 1077 0x0000000002a28790 code [0x0000000002a288e0, 0x0000000002a28b30]
Event: 3.268 Thread 0x0000000014cbe800 1078       3       java.util.IdentityHashMap$IdentityHashMapIterator::<init> (6 bytes)
Event: 3.268 Thread 0x0000000014cbe800 nmethod 1078 0x0000000002a32c50 code [0x0000000002a32dc0, 0x0000000002a32f48]
Event: 3.268 Thread 0x0000000014cbe800 1079       3       java.util.IdentityHashMap$IdentityHashMapIterator::<init> (63 bytes)
Event: 3.269 Thread 0x0000000014cbe800 nmethod 1079 0x0000000002a34ed0 code [0x0000000002a35040, 0x0000000002a352b0]

GC Heap History (8 events):
Event: 1.649 GC heap before
{Heap before GC invocations=1 (full 0):
 PSYoungGen      total 18944K, used 16384K [0x00000000eb200000, 0x00000000ec700000, 0x0000000100000000)
  eden space 16384K, 100% used [0x00000000eb200000,0x00000000ec200000,0x00000000ec200000)
  from space 2560K, 0% used [0x00000000ec480000,0x00000000ec480000,0x00000000ec700000)
  to   space 2560K, 0% used [0x00000000ec200000,0x00000000ec200000,0x00000000ec480000)
 ParOldGen       total 44032K, used 0K [0x00000000c1600000, 0x00000000c4100000, 0x00000000eb200000)
  object space 44032K, 0% used [0x00000000c1600000,0x00000000c1600000,0x00000000c4100000)
 Metaspace       used 13019K, capacity 13156K, committed 13440K, reserved 1060864K
  class space    used 1311K, capacity 1377K, committed 1408K, reserved 1048576K
Event: 1.657 GC heap after
Heap after GC invocations=1 (full 0):
 PSYoungGen      total 18944K, used 2543K [0x00000000eb200000, 0x00000000ec700000, 0x0000000100000000)
  eden space 16384K, 0% used [0x00000000eb200000,0x00000000eb200000,0x00000000ec200000)
  from space 2560K, 99% used [0x00000000ec200000,0x00000000ec47bfa8,0x00000000ec480000)
  to   space 2560K, 0% used [0x00000000ec480000,0x00000000ec480000,0x00000000ec700000)
 ParOldGen       total 44032K, used 722K [0x00000000c1600000, 0x00000000c4100000, 0x00000000eb200000)
  object space 44032K, 1% used [0x00000000c1600000,0x00000000c16b4ba8,0x00000000c4100000)
 Metaspace       used 13019K, capacity 13156K, committed 13440K, reserved 1060864K
  class space    used 1311K, capacity 1377K, committed 1408K, reserved 1048576K
}
Event: 1.849 GC heap before
{Heap before GC invocations=2 (full 0):
 PSYoungGen      total 18944K, used 18927K [0x00000000eb200000, 0x00000000ec700000, 0x0000000100000000)
  eden space 16384K, 100% used [0x00000000eb200000,0x00000000ec200000,0x00000000ec200000)
  from space 2560K, 99% used [0x00000000ec200000,0x00000000ec47bfa8,0x00000000ec480000)
  to   space 2560K, 0% used [0x00000000ec480000,0x00000000ec480000,0x00000000ec700000)
 ParOldGen       total 44032K, used 722K [0x00000000c1600000, 0x00000000c4100000, 0x00000000eb200000)
  object space 44032K, 1% used [0x00000000c1600000,0x00000000c16b4ba8,0x00000000c4100000)
 Metaspace       used 13221K, capacity 13444K, committed 13824K, reserved 1060864K
  class space    used 1329K, capacity 1409K, committed 1536K, reserved 1048576K
Event: 1.860 GC heap after
Heap after GC invocations=2 (full 0):
 PSYoungGen      total 18944K, used 2547K [0x00000000eb200000, 0x00000000ed700000, 0x0000000100000000)
  eden space 16384K, 0% used [0x00000000eb200000,0x00000000eb200000,0x00000000ec200000)
  from space 2560K, 99% used [0x00000000ec480000,0x00000000ec6fcd48,0x00000000ec700000)
  to   space 2560K, 0% used [0x00000000ec200000,0x00000000ec200000,0x00000000ec480000)
 ParOldGen       total 44032K, used 1685K [0x00000000c1600000, 0x00000000c4100000, 0x00000000eb200000)
  object space 44032K, 3% used [0x00000000c1600000,0x00000000c17a54d0,0x00000000c4100000)
 Metaspace       used 13221K, capacity 13444K, committed 13824K, reserved 1060864K
  class space    used 1329K, capacity 1409K, committed 1536K, reserved 1048576K
}
Event: 2.301 GC heap before
{Heap before GC invocations=3 (full 0):
 PSYoungGen      total 18944K, used 18931K [0x00000000eb200000, 0x00000000ed700000, 0x0000000100000000)
  eden space 16384K, 100% used [0x00000000eb200000,0x00000000ec200000,0x00000000ec200000)
  from space 2560K, 99% used [0x00000000ec480000,0x00000000ec6fcd48,0x00000000ec700000)
  to   space 2560K, 0% used [0x00000000ec200000,0x00000000ec200000,0x00000000ec480000)
 ParOldGen       total 44032K, used 1685K [0x00000000c1600000, 0x00000000c4100000, 0x00000000eb200000)
  object space 44032K, 3% used [0x00000000c1600000,0x00000000c17a54d0,0x00000000c4100000)
 Metaspace       used 15154K, capacity 15344K, committed 15488K, reserved 1062912K
  class space    used 1556K, capacity 1635K, committed 1664K, reserved 1048576K
Event: 2.306 GC heap after
Heap after GC invocations=3 (full 0):
 PSYoungGen      total 18944K, used 2549K [0x00000000eb200000, 0x00000000ed700000, 0x0000000100000000)
  eden space 16384K, 0% used [0x00000000eb200000,0x00000000eb200000,0x00000000ec200000)
  from space 2560K, 99% used [0x00000000ec200000,0x00000000ec47d6e0,0x00000000ec480000)
  to   space 2560K, 0% used [0x00000000ed480000,0x00000000ed480000,0x00000000ed700000)
 ParOldGen       total 44032K, used 4089K [0x00000000c1600000, 0x00000000c4100000, 0x00000000eb200000)
  object space 44032K, 9% used [0x00000000c1600000,0x00000000c19fe628,0x00000000c4100000)
 Metaspace       used 15154K, capacity 15344K, committed 15488K, reserved 1062912K
  class space    used 1556K, capacity 1635K, committed 1664K, reserved 1048576K
}
Event: 2.540 GC heap before
{Heap before GC invocations=4 (full 0):
 PSYoungGen      total 18944K, used 16463K [0x00000000eb200000, 0x00000000ed700000, 0x0000000100000000)
  eden space 16384K, 84% used [0x00000000eb200000,0x00000000ebf96560,0x00000000ec200000)
  from space 2560K, 99% used [0x00000000ec200000,0x00000000ec47d6e0,0x00000000ec480000)
  to   space 2560K, 0% used [0x00000000ed480000,0x00000000ed480000,0x00000000ed700000)
 ParOldGen       total 44032K, used 4089K [0x00000000c1600000, 0x00000000c4100000, 0x00000000eb200000)
  object space 44032K, 9% used [0x00000000c1600000,0x00000000c19fe628,0x00000000c4100000)
 Metaspace       used 15803K, capacity 15984K, committed 16384K, reserved 1064960K
  class space    used 1631K, capacity 1699K, committed 1792K, reserved 1048576K
Event: 2.545 GC heap after
Heap after GC invocations=4 (full 0):
 PSYoungGen      total 35328K, used 2533K [0x00000000eb200000, 0x00000000ed700000, 0x0000000100000000)
  eden space 32768K, 0% used [0x00000000eb200000,0x00000000eb200000,0x00000000ed200000)
  from space 2560K, 98% used [0x00000000ed480000,0x00000000ed6f96d0,0x00000000ed700000)
  to   space 2560K, 0% used [0x00000000ed200000,0x00000000ed200000,0x00000000ed480000)
 ParOldGen       total 44032K, used 7728K [0x00000000c1600000, 0x00000000c4100000, 0x00000000eb200000)
  object space 44032K, 17% used [0x00000000c1600000,0x00000000c1d8c0b0,0x00000000c4100000)
 Metaspace       used 15803K, capacity 15984K, committed 16384K, reserved 1064960K
  class space    used 1631K, capacity 1699K, committed 1792K, reserved 1048576K
}

Deoptimization events (3 events):
Event: 0.784 Thread 0x0000000002562800 Uncommon trap: reason=unstable_if action=reinterpret pc=0x0000000002813028 method=java.lang.String.indexOf([CII[CIII)I @ 3
Event: 2.052 Thread 0x0000000002562800 Uncommon trap: reason=unstable_if action=reinterpret pc=0x0000000002909b14 method=java.util.HashMap.containsKey(Ljava/lang/Object;)Z @ 9
Event: 2.073 Thread 0x0000000002562800 Uncommon trap: reason=unstable_if action=reinterpret pc=0x000000000291c0f0 method=java.lang.reflect.AccessibleObject.setAccessible0(Ljava/lang/reflect/AccessibleObject;Z)V @ 4

Internal exceptions (10 events):
Event: 0.049 Thread 0x0000000002562800 Exception <a 'java/lang/NoSuchMethodError': Method sun.misc.Unsafe.defineClass(Ljava/lang/String;[BII)Ljava/lang/Class; name or signature does not match> (0x00000000eb207cc0) thrown at [C:\re\workspace\8-2-build-windows-amd64-cygwin\jdk8u74\6087\hotspot\srý‹EÏ½©?
Event: 0.049 Thread 0x0000000002562800 Exception <a 'java/lang/NoSuchMethodError': Method sun.misc.Unsafe.prefetchRead(Ljava/lang/Object;J)V name or signature does not match> (0x00000000eb207fa8) thrown at [C:\re\workspace\8-2-build-windows-amd64-cygwin\jdk8u74\6087\hotspot\src\share\vm\prims\jcW0¥ÎéÐ?
Event: 0.264 Thread 0x0000000002562800 Exception <a 'java/security/PrivilegedActionException'> (0x00000000eb328758) thrown at [C:\re\workspace\8-2-build-windows-amd64-cygwin\jdk8u74\6087\hotspot\src\share\vm\prims\jvm.cpp, line 1386]
Event: 0.264 Thread 0x0000000002562800 Exception <a 'java/security/PrivilegedActionException'> (0x00000000eb328968) thrown at [C:\re\workspace\8-2-build-windows-amd64-cygwin\jdk8u74\6087\hotspot\src\share\vm\prims\jvm.cpp, line 1386]
Event: 0.268 Thread 0x0000000002562800 Exception <a 'java/security/PrivilegedActionException'> (0x00000000eb32c510) thrown at [C:\re\workspace\8-2-build-windows-amd64-cygwin\jdk8u74\6087\hotspot\src\share\vm\prims\jvm.cpp, line 1386]
Event: 0.268 Thread 0x0000000002562800 Exception <a 'java/security/PrivilegedActionException'> (0x00000000eb32c720) thrown at [C:\re\workspace\8-2-build-windows-amd64-cygwin\jdk8u74\6087\hotspot\src\share\vm\prims\jvm.cpp, line 1386]
Event: 0.275 Thread 0x0000000002562800 Exception <a 'java/io/FileNotFoundException'> (0x00000000eb331d88) thrown at [C:\re\workspace\8-2-build-windows-amd64-cygwin\jdk8u74\6087\hotspot\src\share\vm\prims\jni.cpp, line 709]
Event: 0.416 Thread 0x0000000002562800 Exception <a 'java/lang/NoSuchFieldError': method resolution failed> (0x00000000eb3ff788) thrown at [C:\re\workspace\8-2-build-windows-amd64-cygwin\jdk8u74\6087\hotspot\src\share\vm\prims\methodHandles.cpp, line 1146]
Event: 0.419 Thread 0x0000000002562800 Exception <a 'java/lang/NoSuchFieldError': method resolution failed> (0x00000000eb40cb58) thrown at [C:\re\workspace\8-2-build-windows-amd64-cygwin\jdk8u74\6087\hotspot\src\share\vm\prims\methodHandles.cpp, line 1146]
Event: 0.640 Thread 0x0000000002562800 Exception <a 'java/io/FileNotFoundException'> (0x00000000eb585b50) thrown at [C:\re\workspace\8-2-build-windows-amd64-cygwin\jdk8u74\6087\hotspot\src\share\vm\prims\jni.cpp, line 709]

Events (10 events):
Event: 2.975 loading class javax/swing/JInternalFrame
Event: 2.976 loading class javax/swing/JInternalFrame done
Event: 2.976 loading class javax/swing/KeyboardManager
Event: 2.977 loading class javax/swing/KeyboardManager done
Event: 2.977 loading class javax/swing/Popup$HeavyWeightWindow
Event: 2.977 loading class sun/awt/ModalExclude
Event: 2.977 loading class sun/awt/ModalExclude done
Event: 2.977 loading class javax/swing/JWindow
Event: 2.977 loading class javax/swing/JWindow done
Event: 2.977 loading class javax/swing/Popup$HeavyWeightWindow done


Dynamic libraries:
0x00007ff7a3860000 - 0x00007ff7a3897000 	C:\Program Files\Java\jre1.8.0_74\bin\javaw.exe
0x00007ffad2360000 - 0x00007ffad2531000 	C:\WINDOWS\SYSTEM32\ntdll.dll
0x00007ffacfde0000 - 0x00007ffacfe8b000 	C:\WINDOWS\System32\KERNEL32.DLL
0x00007ffacea70000 - 0x00007ffacec8d000 	C:\WINDOWS\System32\KERNELBASE.dll
0x00007ffad0cf0000 - 0x00007ffad0d92000 	C:\WINDOWS\System32\ADVAPI32.dll
0x00007ffad04a0000 - 0x00007ffad053e000 	C:\WINDOWS\System32\msvcrt.dll
0x00007ffad0c90000 - 0x00007ffad0ce9000 	C:\WINDOWS\System32\sechost.dll
0x00007ffad0160000 - 0x00007ffad0281000 	C:\WINDOWS\System32\RPCRT4.dll
0x00007ffacfa50000 - 0x00007ffacfbb5000 	C:\WINDOWS\System32\USER32.dll
0x00007ffacec90000 - 0x00007ffacecae000 	C:\WINDOWS\System32\win32u.dll
0x00007ffad0dc0000 - 0x00007ffad0df4000 	C:\WINDOWS\System32\GDI32.dll
0x00007ffaced50000 - 0x00007ffaceed2000 	C:\WINDOWS\System32\gdi32full.dll
0x00007ffac3790000 - 0x00007ffac3a09000 	C:\WINDOWS\WinSxS\amd64_microsoft.windows.common-controls_6595b64144ccf1df_6.0.14393.0_none_2d0f50fcbdb171b8\COMCTL32.dll
0x00007ffacfe90000 - 0x00007ffad0157000 	C:\WINDOWS\System32\combase.dll
0x00007fface8c0000 - 0x00007fface9b5000 	C:\WINDOWS\System32\ucrtbase.dll
0x00007fface850000 - 0x00007fface8ba000 	C:\WINDOWS\System32\bcryptPrimitives.dll
0x00007ffad0e00000 - 0x00007ffad0e2e000 	C:\WINDOWS\System32\IMM32.DLL
0x0000000059510000 - 0x00000000595e2000 	C:\Program Files\Java\jre1.8.0_74\bin\msvcr100.dll
0x00000000597a0000 - 0x000000005a030000 	C:\Program Files\Java\jre1.8.0_74\bin\server\jvm.dll
0x00007ffacfdd0000 - 0x00007ffacfdd8000 	C:\WINDOWS\System32\PSAPI.DLL
0x00007ffac0630000 - 0x00007ffac0639000 	C:\WINDOWS\SYSTEM32\WSOCK32.dll
0x00007ffad0290000 - 0x00007ffad02fa000 	C:\WINDOWS\System32\WS2_32.dll
0x00007ffaccc20000 - 0x00007ffaccc43000 	C:\WINDOWS\SYSTEM32\WINMM.dll
0x00007ffac2a50000 - 0x00007ffac2a5a000 	C:\WINDOWS\SYSTEM32\VERSION.dll
0x00007ffaccbf0000 - 0x00007ffaccc1b000 	C:\WINDOWS\SYSTEM32\WINMMBASE.dll
0x00007ffaceee0000 - 0x00007ffacef22000 	C:\WINDOWS\System32\cfgmgr32.dll
0x00000000596b0000 - 0x00000000596bf000 	C:\Program Files\Java\jre1.8.0_74\bin\verify.dll
0x0000000059680000 - 0x00000000596a9000 	C:\Program Files\Java\jre1.8.0_74\bin\java.dll
0x0000000059660000 - 0x0000000059676000 	C:\Program Files\Java\jre1.8.0_74\bin\zip.dll
0x00007ffad0e40000 - 0x00007ffad2348000 	C:\WINDOWS\System32\SHELL32.dll
0x00007ffacefe0000 - 0x00007ffacf6ba000 	C:\WINDOWS\System32\windows.storage.dll
0x00007fface800000 - 0x00007fface84c000 	C:\WINDOWS\System32\powrprof.dll
0x00007ffacf8f0000 - 0x00007ffacf942000 	C:\WINDOWS\System32\shlwapi.dll
0x00007fface7d0000 - 0x00007fface7df000 	C:\WINDOWS\System32\kernel.appcore.dll
0x00007fface9c0000 - 0x00007ffacea69000 	C:\WINDOWS\System32\shcore.dll
0x00007fface7e0000 - 0x00007fface7f4000 	C:\WINDOWS\System32\profapi.dll
0x0000000059370000 - 0x0000000059508000 	C:\Program Files\Java\jre1.8.0_74\bin\awt.dll
0x00007ffad0540000 - 0x00007ffad05ff000 	C:\WINDOWS\System32\OLEAUT32.dll
0x00007ffacecb0000 - 0x00007ffaced4c000 	C:\WINDOWS\System32\msvcp_win.dll
0x00007ffaccd40000 - 0x00007ffaccdba000 	C:\WINDOWS\SYSTEM32\apphelp.dll
0x00007ffacc7e0000 - 0x00007ffacc806000 	C:\WINDOWS\system32\DWMAPI.DLL
0x00007ffacce70000 - 0x00007ffaccf05000 	C:\WINDOWS\system32\uxtheme.dll
0x00007ffad0a30000 - 0x00007ffad0b8b000 	C:\WINDOWS\System32\MSCTF.dll
0x00007ffab6cd0000 - 0x00007ffab6d68000 	C:\Program Files\Common Files\microsoft shared\ink\tiptsf.dll
0x00007ffad0360000 - 0x00007ffad0497000 	C:\WINDOWS\System32\ole32.dll
0x00007fface2a0000 - 0x00007fface2b7000 	C:\WINDOWS\SYSTEM32\CRYPTSP.dll
0x00007fface170000 - 0x00007fface1a3000 	C:\WINDOWS\system32\rsaenh.dll
0x00007fface3a0000 - 0x00007fface3cb000 	C:\WINDOWS\SYSTEM32\bcrypt.dll
0x00007ffacdd40000 - 0x00007ffacdd5f000 	C:\WINDOWS\SYSTEM32\USERENV.dll
0x00007fface290000 - 0x00007fface29b000 	C:\WINDOWS\SYSTEM32\CRYPTBASE.dll
0x0000000059640000 - 0x000000005965a000 	C:\Program Files\Java\jre1.8.0_74\bin\net.dll
0x00007ffacdf70000 - 0x00007ffacdfcc000 	C:\WINDOWS\system32\mswsock.dll
0x00007ffacdd00000 - 0x00007ffacdd38000 	C:\WINDOWS\SYSTEM32\IPHLPAPI.DLL
0x00007ffad0e30000 - 0x00007ffad0e38000 	C:\WINDOWS\System32\NSI.dll
0x00007ffac7a80000 - 0x00007ffac7a96000 	C:\WINDOWS\SYSTEM32\dhcpcsvc6.DLL
0x00007ffac7a60000 - 0x00007ffac7a7a000 	C:\WINDOWS\SYSTEM32\dhcpcsvc.DLL
0x0000000059620000 - 0x0000000059631000 	C:\Program Files\Java\jre1.8.0_74\bin\nio.dll
0x00000000637c0000 - 0x00000000637cd000 	C:\Users\Weilon\AppData\Local\Temp\jogamp_0000\file_cache\jln6221571733494856346\jln131772368463888457\natives\windows-amd64\gluegen-rt.dll
0x0000000059360000 - 0x0000000059367000 	C:\Program Files\Java\jre1.8.0_74\bin\jawt.dll
0x000000006a440000 - 0x000000006a44d000 	C:\Users\Weilon\AppData\Local\Temp\jogamp_0000\file_cache\jln6221571733494856346\jln131772368463888457\natives\windows-amd64\nativewindow_awt.dll
0x000000006c100000 - 0x000000006c10f000 	C:\Users\Weilon\AppData\Local\Temp\jogamp_0000\file_cache\jln6221571733494856346\jln131772368463888457\natives\windows-amd64\nativewindow_win32.dll
0x00007ffaab9a0000 - 0x00007ffaabac3000 	C:\WINDOWS\SYSTEM32\OpenGL32.dll
0x00007ffac3500000 - 0x00007ffac352d000 	C:\WINDOWS\SYSTEM32\GLU32.dll
0x00007ffaab8a0000 - 0x00007ffaab997000 	C:\WINDOWS\SYSTEM32\DDRAW.dll
0x00007ffac56f0000 - 0x00007ffac56f8000 	C:\WINDOWS\SYSTEM32\DCIMAN32.dll
0x0000000064500000 - 0x00000000645b1000 	C:\Users\Weilon\AppData\Local\Temp\jogamp_0000\file_cache\jln6221571733494856346\jln131772368463888457\natives\windows-amd64\jogl_desktop.dll
0x0000000064340000 - 0x00000000643a2000 	C:\Users\Weilon\AppData\Local\Temp\jogamp_0000\file_cache\jln6221571733494856346\jln131772368463888457\natives\windows-amd64\jogl_mobile.dll
0x00007ffaa58c0000 - 0x00007ffaa63df000 	C:\WINDOWS\SYSTEM32\ig75icd64.dll
0x00007ffac8e20000 - 0x00007ffac983f000 	C:\WINDOWS\SYSTEM32\igdusc64.dll
0x00007ffacc4d0000 - 0x00007ffacc4e3000 	C:\WINDOWS\SYSTEM32\WTSAPI32.dll
0x0000000059310000 - 0x0000000059357000 	C:\Program Files\Java\jre1.8.0_74\bin\fontmanager.dll
0x00007ffacf9b0000 - 0x00007ffacfa4f000 	C:\WINDOWS\System32\clbcatq.dll
0x00007ffab69e0000 - 0x00007ffab6b8b000 	C:\Windows\System32\uiautomationcore.dll
0x00007fface690000 - 0x00007fface728000 	C:\WINDOWS\SYSTEM32\sxs.dll
0x00007ffab66d0000 - 0x00007ffab6735000 	C:\Windows\System32\OLEACC.dll
0x00007ffab7d80000 - 0x00007ffab7dfd000 	C:\WINDOWS\SYSTEM32\twinapi.dll
0x00007ffacd2f0000 - 0x00007ffacd40c000 	C:\WINDOWS\SYSTEM32\twinapi.appcore.dll
0x00000000592d0000 - 0x0000000059301000 	C:\Program Files\Java\jre1.8.0_74\bin\jpeg.dll
0x00007ffacb7f0000 - 0x00007ffacb982000 	C:\WINDOWS\SYSTEM32\dbghelp.dll

VM Arguments:
jvm_args: -Dfile.encoding=Cp1252 
java_command: ass2.spec.Game sample/test1.json 60
java_class_path (initial): C:\Users\Weilon\Dropbox\Weilon\University\2016\Semester 2\comp3421\Projects\assn2jimmy;C:\Users\Weilon\Dropbox\Weilon\University\2016\Semester 2\comp3421\Projects\JOGL\jar\gluegen-rt.jar;C:\Users\Weilon\Dropbox\Weilon\University\2016\Semester 2\comp3421\Projects\JOGL\jar\jogl-all.jar
Launcher Type: SUN_STANDARD

Environment Variables:
JAVA_HOME=C:\Program Files\Java\jdk1.8.0_74
PATH=C:/Program Files/Java/jre1.8.0_74/bin/server;C:/Program Files/Java/jre1.8.0_74/bin;C:/Program Files/Java/jre1.8.0_74/lib/amd64;C:\Program Files (x86)\Common Files\Intel\Shared Libraries\redist\intel64\compiler;C:\Program Files (x86)\Common Files\Intel\Shared Libraries\redist\ia32\compiler;C:\ProgramData\Oracle\Java\javapath;C:\WINDOWS\system32;C:\WINDOWS;C:\WINDOWS\System32\Wbem;C:\WINDOWS\System32\WindowsPowerShell\v1.0\;C:\Program Files\apache-maven-3.3.3\bin;C:\MinGW\bin;C:\MinGW\bash\;C:\Program Files (x86)\Common Files\Propellerhead Software\ReWire\;C:\Program Files\Common Files\Propellerhead Software\ReWire\;C:\Program Files\Java\jdk1.8.0_74\bin;C:\Program Files\swipl\bin;C:\Program Files\Adobe\Adobe Photoshop CC 2015;C:\Program Files (x86)\Notepad++;C:\Users\Weilon\Dropbox\Weilon\University\CSE Tools\;C:\Program Files\Git;C:\Program Files (x86)\Skype\Phone\;C:\Program Files (x86)\Microsoft Office\root\Office16;C:\scripts;C:\Users\Weilon\AppData\Local\Android\sdk\platform-tools;C:\Users\Weilon\AppData\Local\Programs\Python\Python35\Scripts\;C:\Users\Weilon\AppData\Local\Programs\Python\Python35\;C:\Program Files (x86)\Google\google_appengine\;C:\Users\Weilon\AppData\Local\Microsoft\WindowsApps;C:\Users\Weilon\AppData\Local\atom\bin;C:\Program Files\eclipse;
USERNAME=Weilon
OS=Windows_NT
PROCESSOR_IDENTIFIER=Intel64 Family 6 Model 69 Stepping 1, GenuineIntel



---------------  S Y S T E M  ---------------

OS: Windows 10.0 , 64 bit Build 14393 (10.0.14393.0)

CPU:total 4 (2 cores per cpu, 2 threads per core) family 6 model 69 stepping 1, cmov, cx8, fxsr, mmx, sse, sse2, sse3, ssse3, sse4.1, sse4.2, popcnt, avx, avx2, aes, clmul, erms, lzcnt, ht, tsc, tscinvbit, bmi1, bmi2

Memory: 4k page, physical 4097096k(1314640k free), swap 6718536k(2705356k free)

vm_info: Java HotSpot(TM) 64-Bit Server VM (25.74-b02) for windows-amd64 JRE (1.8.0_74-b02), built on Jan 29 2016 17:42:36 by "java_re" with MS VC++ 10.0 (VS2010)

time: Thu Oct 20 14:27:30 2016
elapsed time: 3 seconds (0d 0h 0m 3s)

